<?xml version="1.0" encoding="UTF-8"?>
<testsuite name="RectangleUnitTest" tests="4" skipped="0" failures="0" errors="0" timestamp="2015-08-17T20:52:54" hostname="epicodus-115.local" time="0.002">
  <properties/>
  <testcase name="isEquilateral" classname="RectangleUnitTest" time="0.001"/>
  <testcase name="newTriangle_instantiatesCorrectly" classname="RectangleUnitTest" time="0.001"/>
  <testcase name="isScalene" classname="RectangleUnitTest" time="0.0"/>
  <testcase name="isIsosceles" classname="RectangleUnitTest" time="0.0"/>
  <system-out><![CDATA[]]></system-out>
  <system-err><![CDATA[]]></system-err>
</testsuite>
