<?xml version="1.0" encoding="UTF-8"?>
<testsuite name="TriangleTrackerIntegrationTest" tests="5" skipped="0" failures="1" errors="0" timestamp="2015-08-17T23:57:50" hostname="epicodus-115.local" time="1.301">
  <properties/>
  <testcase name="titleTest" classname="TriangleTrackerIntegrationTest" time="0.249"/>
  <testcase name="testLink" classname="TriangleTrackerIntegrationTest" time="0.978"/>
  <testcase name="enterEqual" classname="TriangleTrackerIntegrationTest" time="0.025">
    <failure message="java.lang.AssertionError: &#10;Expecting:&#10; &lt;&quot;&lt;?xml version=&quot;1.0&quot; encoding=&quot;UTF-8&quot;?&gt;&#13;&#10;&lt;html&gt;&#13;&#10;  &lt;head&gt;&#13;&#10;    &lt;title&gt;&#13;&#10;      Triangle Tracker&#13;&#10;    &lt;/title&gt;&#13;&#10;    &lt;link rel=&quot;stylesheet&quot; href=&quot;https://maxcdn.bootstrapcdn.com/bootstrap/3.3.5/css/bootstrap.min.css&quot;/&gt;&#13;&#10;    &lt;link rel=&quot;stylesheet&quot; href=&quot;css/styles.css&quot;/&gt;&#13;&#10;    &lt;script src=&quot;js/script.js&quot;&gt;&#13;&#10;    &lt;/script&gt;&#13;&#10;  &lt;/head&gt;&#13;&#10;  &lt;body&gt;&#13;&#10;    &lt;div class=&quot;container&quot;&gt;&#13;&#10;      &lt;h1&gt;&#13;&#10;        Triangle Tracker&#13;&#10;      &lt;/h1&gt;&#13;&#10;      &lt;p&gt;&#13;&#10;      &lt;/p&gt;&#13;&#10;      &lt;h3&gt;&#13;&#10;        You have entered &#13;&#10;      &lt;/h3&gt;&#13;&#10;      &lt;p&gt;&#13;&#10;      &lt;/p&gt;&#13;&#10;      &lt;h3&gt;&#13;&#10;        Side One: 12&#13;&#10;      &lt;/h3&gt;&#13;&#10;      &lt;h3&gt;&#13;&#10;        Side Two: 12&#13;&#10;      &lt;/h3&gt;&#13;&#10;      &lt;h3&gt;&#13;&#10;        Side Three: 12&#13;&#10;      &lt;/h3&gt;&#13;&#10;      &lt;p&gt;&#13;&#10;      &lt;/p&gt;&#13;&#10;      &lt;h3&gt;&#13;&#10;        You entered Equilateral triangle&#13;&#10;      &lt;/h3&gt;&#13;&#10;      &lt;p&gt;&#13;&#10;      &lt;/p&gt;&#13;&#10;      &lt;a href=&quot;/&quot;&gt;&#13;&#10;        Return to home page&#13;&#10;      &lt;/a&gt;&#13;&#10;    &lt;/div&gt;&#13;&#10;  &lt;/body&gt;&#13;&#10;&lt;/html&gt;&#13;&#10;&quot;&gt;&#10;to contain:&#10; &lt;&quot;Side One:12&quot;&gt; " type="java.lang.AssertionError">java.lang.AssertionError: 
Expecting:
 &lt;&quot;&lt;?xml version=&quot;1.0&quot; encoding=&quot;UTF-8&quot;?&gt;
&lt;html&gt;
  &lt;head&gt;
    &lt;title&gt;
      Triangle Tracker
    &lt;/title&gt;
    &lt;link rel=&quot;stylesheet&quot; href=&quot;https://maxcdn.bootstrapcdn.com/bootstrap/3.3.5/css/bootstrap.min.css&quot;/&gt;
    &lt;link rel=&quot;stylesheet&quot; href=&quot;css/styles.css&quot;/&gt;
    &lt;script src=&quot;js/script.js&quot;&gt;
    &lt;/script&gt;
  &lt;/head&gt;
  &lt;body&gt;
    &lt;div class=&quot;container&quot;&gt;
      &lt;h1&gt;
        Triangle Tracker
      &lt;/h1&gt;
      &lt;p&gt;
      &lt;/p&gt;
      &lt;h3&gt;
        You have entered 
      &lt;/h3&gt;
      &lt;p&gt;
      &lt;/p&gt;
      &lt;h3&gt;
        Side One: 12
      &lt;/h3&gt;
      &lt;h3&gt;
        Side Two: 12
      &lt;/h3&gt;
      &lt;h3&gt;
        Side Three: 12
      &lt;/h3&gt;
      &lt;p&gt;
      &lt;/p&gt;
      &lt;h3&gt;
        You entered Equilateral triangle
      &lt;/h3&gt;
      &lt;p&gt;
      &lt;/p&gt;
      &lt;a href=&quot;/&quot;&gt;
        Return to home page
      &lt;/a&gt;
    &lt;/div&gt;
  &lt;/body&gt;
&lt;/html&gt;
&quot;&gt;
to contain:
 &lt;&quot;Side One:12&quot;&gt; 
	at TriangleTrackerIntegrationTest.enterEqual(TriangleTrackerIntegrationTest.java:48)
	at sun.reflect.NativeMethodAccessorImpl.invoke0(Native Method)
	at sun.reflect.NativeMethodAccessorImpl.invoke(NativeMethodAccessorImpl.java:62)
	at sun.reflect.DelegatingMethodAccessorImpl.invoke(DelegatingMethodAccessorImpl.java:43)
	at java.lang.reflect.Method.invoke(Method.java:497)
	at org.junit.runners.model.FrameworkMethod$1.runReflectiveCall(FrameworkMethod.java:50)
	at org.junit.internal.runners.model.ReflectiveCallable.run(ReflectiveCallable.java:12)
	at org.junit.runners.model.FrameworkMethod.invokeExplosively(FrameworkMethod.java:47)
	at org.junit.internal.runners.statements.InvokeMethod.evaluate(InvokeMethod.java:17)
	at org.junit.rules.TestWatcher$1.evaluate(TestWatcher.java:55)
	at org.junit.rules.TestWatcher$1.evaluate(TestWatcher.java:55)
	at org.junit.rules.RunRules.evaluate(RunRules.java:20)
	at org.junit.runners.ParentRunner.runLeaf(ParentRunner.java:325)
	at org.junit.runners.BlockJUnit4ClassRunner.runChild(BlockJUnit4ClassRunner.java:78)
	at org.junit.runners.BlockJUnit4ClassRunner.runChild(BlockJUnit4ClassRunner.java:57)
	at org.junit.runners.ParentRunner$3.run(ParentRunner.java:290)
	at org.junit.runners.ParentRunner$1.schedule(ParentRunner.java:71)
	at org.junit.runners.ParentRunner.runChildren(ParentRunner.java:288)
	at org.junit.runners.ParentRunner.access$000(ParentRunner.java:58)
	at org.junit.runners.ParentRunner$2.evaluate(ParentRunner.java:268)
	at org.junit.internal.runners.statements.RunAfters.evaluate(RunAfters.java:27)
	at org.junit.rules.ExternalResource$1.evaluate(ExternalResource.java:48)
	at org.junit.rules.RunRules.evaluate(RunRules.java:20)
	at org.junit.runners.ParentRunner.run(ParentRunner.java:363)
	at org.gradle.api.internal.tasks.testing.junit.JUnitTestClassExecuter.runTestClass(JUnitTestClassExecuter.java:86)
	at org.gradle.api.internal.tasks.testing.junit.JUnitTestClassExecuter.execute(JUnitTestClassExecuter.java:49)
	at org.gradle.api.internal.tasks.testing.junit.JUnitTestClassProcessor.processTestClass(JUnitTestClassProcessor.java:64)
	at org.gradle.api.internal.tasks.testing.SuiteTestClassProcessor.processTestClass(SuiteTestClassProcessor.java:50)
	at sun.reflect.NativeMethodAccessorImpl.invoke0(Native Method)
	at sun.reflect.NativeMethodAccessorImpl.invoke(NativeMethodAccessorImpl.java:62)
	at sun.reflect.DelegatingMethodAccessorImpl.invoke(DelegatingMethodAccessorImpl.java:43)
	at java.lang.reflect.Method.invoke(Method.java:497)
	at org.gradle.messaging.dispatch.ReflectionDispatch.dispatch(ReflectionDispatch.java:35)
	at org.gradle.messaging.dispatch.ReflectionDispatch.dispatch(ReflectionDispatch.java:24)
	at org.gradle.messaging.dispatch.ContextClassLoaderDispatch.dispatch(ContextClassLoaderDispatch.java:32)
	at org.gradle.messaging.dispatch.ProxyDispatchAdapter$DispatchingInvocationHandler.invoke(ProxyDispatchAdapter.java:93)
	at com.sun.proxy.$Proxy2.processTestClass(Unknown Source)
	at org.gradle.api.internal.tasks.testing.worker.TestWorker.processTestClass(TestWorker.java:106)
	at sun.reflect.NativeMethodAccessorImpl.invoke0(Native Method)
	at sun.reflect.NativeMethodAccessorImpl.invoke(NativeMethodAccessorImpl.java:62)
	at sun.reflect.DelegatingMethodAccessorImpl.invoke(DelegatingMethodAccessorImpl.java:43)
	at java.lang.reflect.Method.invoke(Method.java:497)
	at org.gradle.messaging.dispatch.ReflectionDispatch.dispatch(ReflectionDispatch.java:35)
	at org.gradle.messaging.dispatch.ReflectionDispatch.dispatch(ReflectionDispatch.java:24)
	at org.gradle.messaging.remote.internal.hub.MessageHub$Handler.run(MessageHub.java:360)
	at org.gradle.internal.concurrent.ExecutorPolicy$CatchAndRecordFailures.onExecute(ExecutorPolicy.java:54)
	at org.gradle.internal.concurrent.StoppableExecutorImpl$1.run(StoppableExecutorImpl.java:40)
	at java.util.concurrent.ThreadPoolExecutor.runWorker(ThreadPoolExecutor.java:1142)
	at java.util.concurrent.ThreadPoolExecutor$Worker.run(ThreadPoolExecutor.java:617)
	at java.lang.Thread.run(Thread.java:745)
</failure>
  </testcase>
  <testcase name="rootTest" classname="TriangleTrackerIntegrationTest" time="0.011"/>
  <testcase name="enterEqualSides" classname="TriangleTrackerIntegrationTest" time="0.021"/>
  <system-out><![CDATA[]]></system-out>
  <system-err><![CDATA[[Thread-4] INFO spark.webserver.SparkServer - == Spark has ignited ...
[Thread-4] INFO spark.webserver.SparkServer - >> Listening on 0.0.0.0:4567
[Thread-4] INFO org.eclipse.jetty.server.Server - jetty-9.0.2.v20130417
[Thread-4] INFO org.eclipse.jetty.server.ServerConnector - Started ServerConnector@47bb5bee{HTTP/1.1}{0.0.0.0:4567}
Aug 17, 2015 4:57:50 PM com.gargoylesoftware.htmlunit.html.InputElementFactory createElementNS
INFO: Bad input type: "number", creating a text input
Aug 17, 2015 4:57:50 PM com.gargoylesoftware.htmlunit.html.InputElementFactory createElementNS
INFO: Bad input type: "number", creating a text input
Aug 17, 2015 4:57:50 PM com.gargoylesoftware.htmlunit.html.InputElementFactory createElementNS
INFO: Bad input type: "number", creating a text input
Aug 17, 2015 4:57:50 PM com.gargoylesoftware.htmlunit.html.InputElementFactory createElementNS
INFO: Bad input type: "number", creating a text input
Aug 17, 2015 4:57:50 PM com.gargoylesoftware.htmlunit.html.InputElementFactory createElementNS
INFO: Bad input type: "number", creating a text input
Aug 17, 2015 4:57:50 PM com.gargoylesoftware.htmlunit.html.InputElementFactory createElementNS
INFO: Bad input type: "number", creating a text input
Aug 17, 2015 4:57:51 PM com.gargoylesoftware.htmlunit.DefaultCssErrorHandler error
WARNING: CSS error: 'https://maxcdn.bootstrapcdn.com/bootstrap/3.3.5/css/bootstrap.min.css' [5:17606] Error in media list. (Invalid token "(". Was expecting one of: <S>, <IDENT>.)
Aug 17, 2015 4:57:51 PM com.gargoylesoftware.htmlunit.DefaultCssErrorHandler error
WARNING: CSS error: 'https://maxcdn.bootstrapcdn.com/bootstrap/3.3.5/css/bootstrap.min.css' [5:19373] Error in media list. (Invalid token "(". Was expecting one of: <S>, <IDENT>.)
Aug 17, 2015 4:57:51 PM com.gargoylesoftware.htmlunit.DefaultCssErrorHandler error
WARNING: CSS error: 'https://maxcdn.bootstrapcdn.com/bootstrap/3.3.5/css/bootstrap.min.css' [5:21618] Error in media list. (Invalid token "(". Was expecting one of: <S>, <IDENT>.)
Aug 17, 2015 4:57:51 PM com.gargoylesoftware.htmlunit.DefaultCssErrorHandler error
WARNING: CSS error: 'https://maxcdn.bootstrapcdn.com/bootstrap/3.3.5/css/bootstrap.min.css' [5:21667] Error in media list. (Invalid token "(". Was expecting one of: <S>, <IDENT>.)
Aug 17, 2015 4:57:51 PM com.gargoylesoftware.htmlunit.DefaultCssErrorHandler error
WARNING: CSS error: 'https://maxcdn.bootstrapcdn.com/bootstrap/3.3.5/css/bootstrap.min.css' [5:21716] Error in media list. (Invalid token "(". Was expecting one of: <S>, <IDENT>.)
Aug 17, 2015 4:57:51 PM com.gargoylesoftware.htmlunit.DefaultCssErrorHandler error
WARNING: CSS error: 'https://maxcdn.bootstrapcdn.com/bootstrap/3.3.5/css/bootstrap.min.css' [5:24200] Error in media list. (Invalid token "(". Was expecting one of: <S>, <IDENT>.)
Aug 17, 2015 4:57:51 PM com.gargoylesoftware.htmlunit.DefaultCssErrorHandler error
WARNING: CSS error: 'https://maxcdn.bootstrapcdn.com/bootstrap/3.3.5/css/bootstrap.min.css' [5:25966] Error in media list. (Invalid token "(". Was expecting one of: <S>, <IDENT>.)
Aug 17, 2015 4:57:51 PM com.gargoylesoftware.htmlunit.DefaultCssErrorHandler error
WARNING: CSS error: 'https://maxcdn.bootstrapcdn.com/bootstrap/3.3.5/css/bootstrap.min.css' [5:27732] Error in media list. (Invalid token "(". Was expecting one of: <S>, <IDENT>.)
Aug 17, 2015 4:57:51 PM com.gargoylesoftware.htmlunit.DefaultCssErrorHandler error
WARNING: CSS error: 'https://maxcdn.bootstrapcdn.com/bootstrap/3.3.5/css/bootstrap.min.css' [5:33858] Error in @media rule. (Invalid token "and". Was expecting one of: <S>, <LBRACE>, <COMMA>.)
Aug 17, 2015 4:57:51 PM com.gargoylesoftware.htmlunit.DefaultCssErrorHandler warning
WARNING: CSS warning: 'https://maxcdn.bootstrapcdn.com/bootstrap/3.3.5/css/bootstrap.min.css' [5:33858] Ignoring the whole rule.
Aug 17, 2015 4:57:51 PM com.gargoylesoftware.htmlunit.DefaultCssErrorHandler error
WARNING: CSS error: 'https://maxcdn.bootstrapcdn.com/bootstrap/3.3.5/css/bootstrap.min.css' [5:37280] Error in @media rule. (Invalid token "and". Was expecting one of: <S>, <LBRACE>, <COMMA>.)
Aug 17, 2015 4:57:51 PM com.gargoylesoftware.htmlunit.DefaultCssErrorHandler warning
WARNING: CSS warning: 'https://maxcdn.bootstrapcdn.com/bootstrap/3.3.5/css/bootstrap.min.css' [5:37280] Ignoring the whole rule.
Aug 17, 2015 4:57:51 PM com.gargoylesoftware.htmlunit.DefaultCssErrorHandler error
WARNING: CSS error: 'https://maxcdn.bootstrapcdn.com/bootstrap/3.3.5/css/bootstrap.min.css' [5:43528] Error in media list. (Invalid token "(". Was expecting one of: <S>, <IDENT>.)
Aug 17, 2015 4:57:51 PM com.gargoylesoftware.htmlunit.DefaultCssErrorHandler error
WARNING: CSS error: 'https://maxcdn.bootstrapcdn.com/bootstrap/3.3.5/css/bootstrap.min.css' [5:44748] Error in media list. (Invalid token "(". Was expecting one of: <S>, <IDENT>.)
Aug 17, 2015 4:57:51 PM com.gargoylesoftware.htmlunit.DefaultCssErrorHandler error
WARNING: CSS error: 'https://maxcdn.bootstrapcdn.com/bootstrap/3.3.5/css/bootstrap.min.css' [5:44920] Error in media list. (Invalid token "(". Was expecting one of: <S>, <IDENT>.)
Aug 17, 2015 4:57:51 PM com.gargoylesoftware.htmlunit.DefaultCssErrorHandler error
WARNING: CSS error: 'https://maxcdn.bootstrapcdn.com/bootstrap/3.3.5/css/bootstrap.min.css' [5:45028] Error in media list. (Invalid token "(". Was expecting one of: <S>, <IDENT>.)
Aug 17, 2015 4:57:51 PM com.gargoylesoftware.htmlunit.DefaultCssErrorHandler error
WARNING: CSS error: 'https://maxcdn.bootstrapcdn.com/bootstrap/3.3.5/css/bootstrap.min.css' [5:57895] Error in expression; ':' found after identifier "progid".
Aug 17, 2015 4:57:51 PM com.gargoylesoftware.htmlunit.DefaultCssErrorHandler error
WARNING: CSS error: 'https://maxcdn.bootstrapcdn.com/bootstrap/3.3.5/css/bootstrap.min.css' [5:58557] Error in media list. (Invalid token "(". Was expecting one of: <S>, <IDENT>.)
Aug 17, 2015 4:57:51 PM com.gargoylesoftware.htmlunit.DefaultCssErrorHandler error
WARNING: CSS error: 'https://maxcdn.bootstrapcdn.com/bootstrap/3.3.5/css/bootstrap.min.css' [5:67219] Error in media list. (Invalid token "(". Was expecting one of: <S>, <IDENT>.)
Aug 17, 2015 4:57:51 PM com.gargoylesoftware.htmlunit.DefaultCssErrorHandler error
WARNING: CSS error: 'https://maxcdn.bootstrapcdn.com/bootstrap/3.3.5/css/bootstrap.min.css' [5:67543] Error in media list. (Invalid token "(". Was expecting one of: <S>, <IDENT>.)
Aug 17, 2015 4:57:51 PM com.gargoylesoftware.htmlunit.DefaultCssErrorHandler error
WARNING: CSS error: 'https://maxcdn.bootstrapcdn.com/bootstrap/3.3.5/css/bootstrap.min.css' [5:68246] Error in media list. (Invalid token "(". Was expecting one of: <S>, <IDENT>.)
Aug 17, 2015 4:57:51 PM com.gargoylesoftware.htmlunit.DefaultCssErrorHandler error
WARNING: CSS error: 'https://maxcdn.bootstrapcdn.com/bootstrap/3.3.5/css/bootstrap.min.css' [5:68572] Error in media list. (Invalid token "(". Was expecting one of: <S>, <IDENT>.)
Aug 17, 2015 4:57:51 PM com.gargoylesoftware.htmlunit.DefaultCssErrorHandler error
WARNING: CSS error: 'https://maxcdn.bootstrapcdn.com/bootstrap/3.3.5/css/bootstrap.min.css' [5:69058] Error in media list. (Invalid token "(". Was expecting one of: <S>, <IDENT>.)
Aug 17, 2015 4:57:51 PM com.gargoylesoftware.htmlunit.DefaultCssErrorHandler error
WARNING: CSS error: 'https://maxcdn.bootstrapcdn.com/bootstrap/3.3.5/css/bootstrap.min.css' [5:69110] Error in media list. (Invalid token "(". Was expecting one of: <S>, <IDENT>.)
Aug 17, 2015 4:57:51 PM com.gargoylesoftware.htmlunit.DefaultCssErrorHandler error
WARNING: CSS error: 'https://maxcdn.bootstrapcdn.com/bootstrap/3.3.5/css/bootstrap.min.css' [5:69437] Error in media list. (Invalid token "(". Was expecting one of: <S>, <IDENT>.)
Aug 17, 2015 4:57:51 PM com.gargoylesoftware.htmlunit.DefaultCssErrorHandler error
WARNING: CSS error: 'https://maxcdn.bootstrapcdn.com/bootstrap/3.3.5/css/bootstrap.min.css' [5:69929] Error in media list. (Invalid token "(". Was expecting one of: <S>, <IDENT>.)
Aug 17, 2015 4:57:51 PM com.gargoylesoftware.htmlunit.DefaultCssErrorHandler error
WARNING: CSS error: 'https://maxcdn.bootstrapcdn.com/bootstrap/3.3.5/css/bootstrap.min.css' [5:70237] Error in media list. (Invalid token "(". Was expecting one of: <S>, <IDENT>.)
Aug 17, 2015 4:57:51 PM com.gargoylesoftware.htmlunit.DefaultCssErrorHandler error
WARNING: CSS error: 'https://maxcdn.bootstrapcdn.com/bootstrap/3.3.5/css/bootstrap.min.css' [5:70465] Error in media list. (Invalid token "(". Was expecting one of: <S>, <IDENT>.)
Aug 17, 2015 4:57:51 PM com.gargoylesoftware.htmlunit.DefaultCssErrorHandler error
WARNING: CSS error: 'https://maxcdn.bootstrapcdn.com/bootstrap/3.3.5/css/bootstrap.min.css' [5:70608] Error in media list. (Invalid token "(". Was expecting one of: <S>, <IDENT>.)
Aug 17, 2015 4:57:51 PM com.gargoylesoftware.htmlunit.DefaultCssErrorHandler error
WARNING: CSS error: 'https://maxcdn.bootstrapcdn.com/bootstrap/3.3.5/css/bootstrap.min.css' [5:70981] Error in media list. (Invalid token "(". Was expecting one of: <S>, <IDENT>.)
Aug 17, 2015 4:57:51 PM com.gargoylesoftware.htmlunit.DefaultCssErrorHandler error
WARNING: CSS error: 'https://maxcdn.bootstrapcdn.com/bootstrap/3.3.5/css/bootstrap.min.css' [5:71468] Error in media list. (Invalid token "(". Was expecting one of: <S>, <IDENT>.)
Aug 17, 2015 4:57:51 PM com.gargoylesoftware.htmlunit.DefaultCssErrorHandler error
WARNING: CSS error: 'https://maxcdn.bootstrapcdn.com/bootstrap/3.3.5/css/bootstrap.min.css' [5:71624] Error in media list. (Invalid token "(". Was expecting one of: <S>, <IDENT>.)
Aug 17, 2015 4:57:51 PM com.gargoylesoftware.htmlunit.DefaultCssErrorHandler error
WARNING: CSS error: 'https://maxcdn.bootstrapcdn.com/bootstrap/3.3.5/css/bootstrap.min.css' [5:72091] Error in media list. (Invalid token "(". Was expecting one of: <S>, <IDENT>.)
Aug 17, 2015 4:57:51 PM com.gargoylesoftware.htmlunit.DefaultCssErrorHandler error
WARNING: CSS error: 'https://maxcdn.bootstrapcdn.com/bootstrap/3.3.5/css/bootstrap.min.css' [5:72557] Error in media list. (Invalid token "(". Was expecting one of: <S>, <IDENT>.)
Aug 17, 2015 4:57:51 PM com.gargoylesoftware.htmlunit.DefaultCssErrorHandler error
WARNING: CSS error: 'https://maxcdn.bootstrapcdn.com/bootstrap/3.3.5/css/bootstrap.min.css' [5:73483] Error in media list. (Invalid token "(". Was expecting one of: <S>, <IDENT>.)
Aug 17, 2015 4:57:51 PM com.gargoylesoftware.htmlunit.DefaultCssErrorHandler error
WARNING: CSS error: 'https://maxcdn.bootstrapcdn.com/bootstrap/3.3.5/css/bootstrap.min.css' [5:73604] Error in media list. (Invalid token "(". Was expecting one of: <S>, <IDENT>.)
Aug 17, 2015 4:57:51 PM com.gargoylesoftware.htmlunit.DefaultCssErrorHandler error
WARNING: CSS error: 'https://maxcdn.bootstrapcdn.com/bootstrap/3.3.5/css/bootstrap.min.css' [5:74237] Error in media list. (Invalid token "(". Was expecting one of: <S>, <IDENT>.)
Aug 17, 2015 4:57:51 PM com.gargoylesoftware.htmlunit.DefaultCssErrorHandler error
WARNING: CSS error: 'https://maxcdn.bootstrapcdn.com/bootstrap/3.3.5/css/bootstrap.min.css' [5:74322] Error in media list. (Invalid token "(". Was expecting one of: <S>, <IDENT>.)
Aug 17, 2015 4:57:51 PM com.gargoylesoftware.htmlunit.DefaultCssErrorHandler error
WARNING: CSS error: 'https://maxcdn.bootstrapcdn.com/bootstrap/3.3.5/css/bootstrap.min.css' [5:75681] Error in media list. (Invalid token "(". Was expecting one of: <S>, <IDENT>.)
Aug 17, 2015 4:57:51 PM com.gargoylesoftware.htmlunit.DefaultCssErrorHandler error
WARNING: CSS error: 'https://maxcdn.bootstrapcdn.com/bootstrap/3.3.5/css/bootstrap.min.css' [5:77991] Error in media list. (Invalid token "(". Was expecting one of: <S>, <IDENT>.)
Aug 17, 2015 4:57:51 PM com.gargoylesoftware.htmlunit.DefaultCssErrorHandler error
WARNING: CSS error: 'https://maxcdn.bootstrapcdn.com/bootstrap/3.3.5/css/bootstrap.min.css' [5:83978] Error in @media rule. (Invalid token "and". Was expecting one of: <S>, <LBRACE>, <COMMA>.)
Aug 17, 2015 4:57:51 PM com.gargoylesoftware.htmlunit.DefaultCssErrorHandler warning
WARNING: CSS warning: 'https://maxcdn.bootstrapcdn.com/bootstrap/3.3.5/css/bootstrap.min.css' [5:83978] Ignoring the whole rule.
Aug 17, 2015 4:57:51 PM com.gargoylesoftware.htmlunit.DefaultCssErrorHandler error
WARNING: CSS error: 'https://maxcdn.bootstrapcdn.com/bootstrap/3.3.5/css/bootstrap.min.css' [5:109080] Error in media list. (Invalid token "(". Was expecting one of: <S>, <IDENT>.)
Aug 17, 2015 4:57:51 PM com.gargoylesoftware.htmlunit.DefaultCssErrorHandler error
WARNING: CSS error: 'https://maxcdn.bootstrapcdn.com/bootstrap/3.3.5/css/bootstrap.min.css' [5:109268] Error in media list. (Invalid token "(". Was expecting one of: <S>, <IDENT>.)
Aug 17, 2015 4:57:51 PM com.gargoylesoftware.htmlunit.DefaultCssErrorHandler error
WARNING: CSS error: 'https://maxcdn.bootstrapcdn.com/bootstrap/3.3.5/css/bootstrap.min.css' [5:113562] Error in @media rule. (Invalid token "and". Was expecting one of: <S>, <LBRACE>, <COMMA>.)
Aug 17, 2015 4:57:51 PM com.gargoylesoftware.htmlunit.DefaultCssErrorHandler warning
WARNING: CSS warning: 'https://maxcdn.bootstrapcdn.com/bootstrap/3.3.5/css/bootstrap.min.css' [5:113562] Ignoring the whole rule.
Aug 17, 2015 4:57:51 PM com.gargoylesoftware.htmlunit.DefaultCssErrorHandler error
WARNING: CSS error: 'https://maxcdn.bootstrapcdn.com/bootstrap/3.3.5/css/bootstrap.min.css' [5:115294] Error in expression; ':' found after identifier "progid".
Aug 17, 2015 4:57:51 PM com.gargoylesoftware.htmlunit.DefaultCssErrorHandler error
WARNING: CSS error: 'https://maxcdn.bootstrapcdn.com/bootstrap/3.3.5/css/bootstrap.min.css' [5:115837] Error in expression; ':' found after identifier "progid".
Aug 17, 2015 4:57:51 PM com.gargoylesoftware.htmlunit.DefaultCssErrorHandler error
WARNING: CSS error: 'https://maxcdn.bootstrapcdn.com/bootstrap/3.3.5/css/bootstrap.min.css' [5:117005] Invalid color "#000\9".
Aug 17, 2015 4:57:51 PM com.gargoylesoftware.htmlunit.DefaultCssErrorHandler error
WARNING: CSS error: 'https://maxcdn.bootstrapcdn.com/bootstrap/3.3.5/css/bootstrap.min.css' [5:117402] Error in @media rule. (Invalid token "and". Was expecting one of: <S>, <LBRACE>, <COMMA>.)
Aug 17, 2015 4:57:51 PM com.gargoylesoftware.htmlunit.DefaultCssErrorHandler warning
WARNING: CSS warning: 'https://maxcdn.bootstrapcdn.com/bootstrap/3.3.5/css/bootstrap.min.css' [5:117402] Ignoring the whole rule.
Aug 17, 2015 4:57:51 PM com.gargoylesoftware.htmlunit.DefaultCssErrorHandler error
WARNING: CSS error: 'https://maxcdn.bootstrapcdn.com/bootstrap/3.3.5/css/bootstrap.min.css' [5:119598] Error in media list. (Invalid token "(". Was expecting one of: <S>, <IDENT>.)
Aug 17, 2015 4:57:51 PM com.gargoylesoftware.htmlunit.DefaultCssErrorHandler error
WARNING: CSS error: 'https://maxcdn.bootstrapcdn.com/bootstrap/3.3.5/css/bootstrap.min.css' [5:119800] Error in media list. (Invalid token "(". Was expecting one of: <S>, <IDENT>.)
Aug 17, 2015 4:57:51 PM com.gargoylesoftware.htmlunit.DefaultCssErrorHandler error
WARNING: CSS error: 'https://maxcdn.bootstrapcdn.com/bootstrap/3.3.5/css/bootstrap.min.css' [5:119868] Error in media list. (Invalid token "(". Was expecting one of: <S>, <IDENT>.)
Aug 17, 2015 4:57:51 PM com.gargoylesoftware.htmlunit.DefaultCssErrorHandler error
WARNING: CSS error: 'https://maxcdn.bootstrapcdn.com/bootstrap/3.3.5/css/bootstrap.min.css' [5:119938] Error in media list. (Invalid token "(". Was expecting one of: <S>, <IDENT>.)
Aug 17, 2015 4:57:51 PM com.gargoylesoftware.htmlunit.DefaultCssErrorHandler error
WARNING: CSS error: 'https://maxcdn.bootstrapcdn.com/bootstrap/3.3.5/css/bootstrap.min.css' [5:120020] Error in media list. (Invalid token "(". Was expecting one of: <S>, <IDENT>.)
Aug 17, 2015 4:57:51 PM com.gargoylesoftware.htmlunit.DefaultCssErrorHandler error
WARNING: CSS error: 'https://maxcdn.bootstrapcdn.com/bootstrap/3.3.5/css/bootstrap.min.css' [5:120244] Error in media list. (Invalid token "(". Was expecting one of: <S>, <IDENT>.)
Aug 17, 2015 4:57:51 PM com.gargoylesoftware.htmlunit.DefaultCssErrorHandler error
WARNING: CSS error: 'https://maxcdn.bootstrapcdn.com/bootstrap/3.3.5/css/bootstrap.min.css' [5:120334] Error in media list. (Invalid token "(". Was expecting one of: <S>, <IDENT>.)
Aug 17, 2015 4:57:51 PM com.gargoylesoftware.htmlunit.DefaultCssErrorHandler error
WARNING: CSS error: 'https://maxcdn.bootstrapcdn.com/bootstrap/3.3.5/css/bootstrap.min.css' [5:120426] Error in media list. (Invalid token "(". Was expecting one of: <S>, <IDENT>.)
Aug 17, 2015 4:57:51 PM com.gargoylesoftware.htmlunit.DefaultCssErrorHandler error
WARNING: CSS error: 'https://maxcdn.bootstrapcdn.com/bootstrap/3.3.5/css/bootstrap.min.css' [5:120530] Error in media list. (Invalid token "(". Was expecting one of: <S>, <IDENT>.)
Aug 17, 2015 4:57:51 PM com.gargoylesoftware.htmlunit.DefaultCssErrorHandler error
WARNING: CSS error: 'https://maxcdn.bootstrapcdn.com/bootstrap/3.3.5/css/bootstrap.min.css' [5:120755] Error in media list. (Invalid token "(". Was expecting one of: <S>, <IDENT>.)
Aug 17, 2015 4:57:51 PM com.gargoylesoftware.htmlunit.DefaultCssErrorHandler error
WARNING: CSS error: 'https://maxcdn.bootstrapcdn.com/bootstrap/3.3.5/css/bootstrap.min.css' [5:120846] Error in media list. (Invalid token "(". Was expecting one of: <S>, <IDENT>.)
Aug 17, 2015 4:57:51 PM com.gargoylesoftware.htmlunit.DefaultCssErrorHandler error
WARNING: CSS error: 'https://maxcdn.bootstrapcdn.com/bootstrap/3.3.5/css/bootstrap.min.css' [5:120939] Error in media list. (Invalid token "(". Was expecting one of: <S>, <IDENT>.)
Aug 17, 2015 4:57:51 PM com.gargoylesoftware.htmlunit.DefaultCssErrorHandler error
WARNING: CSS error: 'https://maxcdn.bootstrapcdn.com/bootstrap/3.3.5/css/bootstrap.min.css' [5:121044] Error in media list. (Invalid token "(". Was expecting one of: <S>, <IDENT>.)
Aug 17, 2015 4:57:51 PM com.gargoylesoftware.htmlunit.DefaultCssErrorHandler error
WARNING: CSS error: 'https://maxcdn.bootstrapcdn.com/bootstrap/3.3.5/css/bootstrap.min.css' [5:121247] Error in media list. (Invalid token "(". Was expecting one of: <S>, <IDENT>.)
Aug 17, 2015 4:57:51 PM com.gargoylesoftware.htmlunit.DefaultCssErrorHandler error
WARNING: CSS error: 'https://maxcdn.bootstrapcdn.com/bootstrap/3.3.5/css/bootstrap.min.css' [5:121316] Error in media list. (Invalid token "(". Was expecting one of: <S>, <IDENT>.)
Aug 17, 2015 4:57:51 PM com.gargoylesoftware.htmlunit.DefaultCssErrorHandler error
WARNING: CSS error: 'https://maxcdn.bootstrapcdn.com/bootstrap/3.3.5/css/bootstrap.min.css' [5:121387] Error in media list. (Invalid token "(". Was expecting one of: <S>, <IDENT>.)
Aug 17, 2015 4:57:51 PM com.gargoylesoftware.htmlunit.DefaultCssErrorHandler error
WARNING: CSS error: 'https://maxcdn.bootstrapcdn.com/bootstrap/3.3.5/css/bootstrap.min.css' [5:121470] Error in media list. (Invalid token "(". Was expecting one of: <S>, <IDENT>.)
Aug 17, 2015 4:57:51 PM com.gargoylesoftware.htmlunit.DefaultCssErrorHandler error
WARNING: CSS error: 'https://maxcdn.bootstrapcdn.com/bootstrap/3.3.5/css/bootstrap.min.css' [5:121530] Error in media list. (Invalid token "(". Was expecting one of: <S>, <IDENT>.)
Aug 17, 2015 4:57:51 PM com.gargoylesoftware.htmlunit.DefaultCssErrorHandler error
WARNING: CSS error: 'https://maxcdn.bootstrapcdn.com/bootstrap/3.3.5/css/bootstrap.min.css' [5:121612] Error in media list. (Invalid token "(". Was expecting one of: <S>, <IDENT>.)
Aug 17, 2015 4:57:51 PM com.gargoylesoftware.htmlunit.DefaultCssErrorHandler error
WARNING: CSS error: 'https://maxcdn.bootstrapcdn.com/bootstrap/3.3.5/css/bootstrap.min.css' [5:121695] Error in media list. (Invalid token "(". Was expecting one of: <S>, <IDENT>.)
Aug 17, 2015 4:57:51 PM com.gargoylesoftware.htmlunit.DefaultCssErrorHandler error
WARNING: CSS error: 'http://localhost:4567/css/styles.css' [1:1] Error in style sheet. (Invalid token "<". Was expecting one of: <EOF>, <S>, <IDENT>, "<!--", "-->", <HASH>, <IMPORT_SYM>, <PAGE_SYM>, <MEDIA_SYM>, <FONT_FACE_SYM>, <CHARSET_SYM>, ".", ":", "*", "[", <ATKEYWORD>.)
Aug 17, 2015 4:57:51 PM com.gargoylesoftware.htmlunit.html.InputElementFactory createElementNS
INFO: Bad input type: "number", creating a text input
Aug 17, 2015 4:57:51 PM com.gargoylesoftware.htmlunit.html.InputElementFactory createElementNS
INFO: Bad input type: "number", creating a text input
Aug 17, 2015 4:57:51 PM com.gargoylesoftware.htmlunit.html.InputElementFactory createElementNS
INFO: Bad input type: "number", creating a text input
Aug 17, 2015 4:57:51 PM com.gargoylesoftware.htmlunit.html.InputElementFactory createElementNS
INFO: Bad input type: "number", creating a text input
Aug 17, 2015 4:57:51 PM com.gargoylesoftware.htmlunit.html.InputElementFactory createElementNS
INFO: Bad input type: "number", creating a text input
Aug 17, 2015 4:57:51 PM com.gargoylesoftware.htmlunit.html.InputElementFactory createElementNS
INFO: Bad input type: "number", creating a text input
Aug 17, 2015 4:57:51 PM com.gargoylesoftware.htmlunit.html.InputElementFactory createElementNS
INFO: Bad input type: "number", creating a text input
Aug 17, 2015 4:57:51 PM com.gargoylesoftware.htmlunit.html.InputElementFactory createElementNS
INFO: Bad input type: "number", creating a text input
Aug 17, 2015 4:57:51 PM com.gargoylesoftware.htmlunit.html.InputElementFactory createElementNS
INFO: Bad input type: "number", creating a text input
Aug 17, 2015 4:57:51 PM com.gargoylesoftware.htmlunit.html.InputElementFactory createElementNS
INFO: Bad input type: "number", creating a text input
Aug 17, 2015 4:57:51 PM com.gargoylesoftware.htmlunit.html.InputElementFactory createElementNS
INFO: Bad input type: "number", creating a text input
Aug 17, 2015 4:57:51 PM com.gargoylesoftware.htmlunit.html.InputElementFactory createElementNS
INFO: Bad input type: "number", creating a text input
[Test worker] INFO spark.webserver.SparkServer - >>> Spark shutting down ...
[Test worker] INFO org.eclipse.jetty.server.Server - Graceful shutdown org.eclipse.jetty.server.Server@7ccecead by 
[Test worker] INFO org.eclipse.jetty.server.ServerConnector - Stopped ServerConnector@47bb5bee{HTTP/1.1}{0.0.0.0:4567}
[Test worker] INFO spark.webserver.SparkServer - done
]]></system-err>
</testsuite>
